<?xml version="1.0" encoding="UTF-8"?>
<testsuite xmlns:xsi="http://www.w3.org/2001/XMLSchema-instance" xsi:noNamespaceSchemaLocation="https://maven.apache.org/surefire/maven-surefire-plugin/xsd/surefire-test-report-3.0.xsd" version="3.0" name="com.ketineni.user.controller.UserControllerTest" time="19.763" tests="8" errors="0" skipped="0" failures="0">
  <properties>
[...]
</properties>
  <testcase name="deleteUser_WhenUserDoesNotExist_ShouldReturn404" classname="com.ketineni.user.controller.UserControllerTest" time="0.498">
    <system-out><![CDATA[07:18:25.244 [main] INFO org.springframework.test.context.support.AnnotationConfigContextLoaderUtils -- Could not detect default configuration classes for test class [com.ketineni.user.controller.UserControllerTest]: UserControllerTest does not declare any static, non-private, non-final, nested classes annotated with @Configuration.
07:18:25.758 [main] INFO org.springframework.boot.test.context.SpringBootTestContextBootstrapper -- Found @SpringBootConfiguration com.ketineni.user.UserCrudApplication for test class com.ketineni.user.controller.UserControllerTest

  .   ____          _            __ _ _
 /\\ / ___'_ __ _ _(_)_ __  __ _ \ \ \ \
( ( )\___ | '_ | '_| | '_ \/ _` | \ \ \ \
 \\/  ___)| |_)| | | | | || (_| |  ) ) ) )
  '  |____| .__|_| |_|_| |_\__, | / / / /
 =========|_|==============|___/=/_/_/_/
 :: Spring Boot ::                (v3.1.5)

2024-11-16T07:18:27.485-05:00  INFO 1212 --- [           main] c.k.user.controller.UserControllerTest   : Starting UserControllerTest using Java 17.0.11 with PID 1212 (started by Ram in C:\Dev\user)
2024-11-16T07:18:27.487-05:00 DEBUG 1212 --- [           main] c.k.user.controller.UserControllerTest   : Running with Spring Boot v3.1.5, Spring v6.0.13
2024-11-16T07:18:27.488-05:00  INFO 1212 --- [           main] c.k.user.controller.UserControllerTest   : The following 1 profile is active: "test"
2024-11-16T07:18:29.233-05:00  INFO 1212 --- [           main] .s.d.r.c.RepositoryConfigurationDelegate : Bootstrapping Spring Data JPA repositories in DEFAULT mode.
2024-11-16T07:18:29.373-05:00  INFO 1212 --- [           main] .s.d.r.c.RepositoryConfigurationDelegate : Finished Spring Data repository scanning in 117 ms. Found 1 JPA repository interfaces.
2024-11-16T07:18:36.035-05:00  INFO 1212 --- [           main] o.hibernate.jpa.internal.util.LogHelper  : HHH000204: Processing PersistenceUnitInfo [name: default]
2024-11-16T07:18:36.280-05:00  INFO 1212 --- [           main] org.hibernate.Version                    : HHH000412: Hibernate ORM core version 6.2.13.Final
2024-11-16T07:18:36.290-05:00  INFO 1212 --- [           main] org.hibernate.cfg.Environment            : HHH000406: Using bytecode reflection optimizer
2024-11-16T07:18:36.926-05:00  INFO 1212 --- [           main] o.s.o.j.p.SpringPersistenceUnitInfo      : No LoadTimeWeaver setup: ignoring JPA class transformer
2024-11-16T07:18:37.047-05:00  INFO 1212 --- [           main] com.zaxxer.hikari.HikariDataSource       : HikariPool-1 - Starting...
2024-11-16T07:18:37.670-05:00  INFO 1212 --- [           main] com.zaxxer.hikari.pool.HikariPool        : HikariPool-1 - Added connection conn0: url=jdbc:h2:mem:testdb user=SA
2024-11-16T07:18:37.675-05:00  INFO 1212 --- [           main] com.zaxxer.hikari.HikariDataSource       : HikariPool-1 - Start completed.
2024-11-16T07:18:37.778-05:00  WARN 1212 --- [           main] org.hibernate.orm.deprecation            : HHH90000025: H2Dialect does not need to be specified explicitly using 'hibernate.dialect' (remove the property setting and it will be selected by default)
2024-11-16T07:18:40.174-05:00  INFO 1212 --- [           main] o.h.e.t.j.p.i.JtaPlatformInitiator       : HHH000489: No JTA platform available (set 'hibernate.transaction.jta.platform' to enable JTA platform integration)
2024-11-16T07:18:40.229-05:00 DEBUG 1212 --- [           main] org.hibernate.SQL                        : drop table if exists users cascade 
Hibernate: drop table if exists users cascade 
2024-11-16T07:18:40.261-05:00 DEBUG 1212 --- [           main] org.hibernate.SQL                        : create table users (id bigint generated by default as identity, email varchar(255), name varchar(255), primary key (id))
Hibernate: create table users (id bigint generated by default as identity, email varchar(255), name varchar(255), primary key (id))
2024-11-16T07:18:40.312-05:00  INFO 1212 --- [           main] j.LocalContainerEntityManagerFactoryBean : Initialized JPA EntityManagerFactory for persistence unit 'default'
2024-11-16T07:18:40.813-05:00  WARN 1212 --- [           main] JpaBaseConfiguration$JpaWebConfiguration : spring.jpa.open-in-view is enabled by default. Therefore, database queries may be performed during view rendering. Explicitly configure spring.jpa.open-in-view to disable this warning
2024-11-16T07:18:42.183-05:00 ERROR 1212 --- [           main] o.a.catalina.core.AprLifecycleListener   : An incompatible version [1.2.21] of the Apache Tomcat Native library is installed, while Tomcat requires version [1.2.34]
2024-11-16T07:18:43.005-05:00  INFO 1212 --- [           main] o.s.b.t.m.w.SpringBootMockServletContext : Initializing Spring TestDispatcherServlet ''
2024-11-16T07:18:43.006-05:00  INFO 1212 --- [           main] o.s.t.web.servlet.TestDispatcherServlet  : Initializing Servlet ''
2024-11-16T07:18:43.014-05:00  INFO 1212 --- [           main] o.s.t.web.servlet.TestDispatcherServlet  : Completed initialization in 3 ms
2024-11-16T07:18:43.126-05:00  INFO 1212 --- [           main] c.k.user.controller.UserControllerTest   : Started UserControllerTest in 16.634 seconds (process running for 20.495)
]]></system-out>
  </testcase>
  <testcase name="getUserById_WhenUserExists_ShouldReturnUser" classname="com.ketineni.user.controller.UserControllerTest" time="0.248"/>
  <testcase name="createUser_ShouldReturnCreatedUser" classname="com.ketineni.user.controller.UserControllerTest" time="0.12"/>
  <testcase name="deleteUser_WhenUserExists_ShouldReturn204" classname="com.ketineni.user.controller.UserControllerTest" time="0.019"/>
  <testcase name="getUserById_WhenUserDoesNotExist_ShouldReturn404" classname="com.ketineni.user.controller.UserControllerTest" time="0.015"/>
  <testcase name="getAllUsers_ShouldReturnListOfUsers" classname="com.ketineni.user.controller.UserControllerTest" time="0.037"/>
  <testcase name="updateUser_WhenUserExists_ShouldReturnUpdatedUser" classname="com.ketineni.user.controller.UserControllerTest" time="0.018"/>
  <testcase name="updateUser_WhenUserDoesNotExist_ShouldReturn404" classname="com.ketineni.user.controller.UserControllerTest" time="0.016"/>
</testsuite>